The system is: Linux - 4.4.0-66-generic - x86_64
Compiling the C compiler identification source file "CMakeCCompilerId.c" succeeded.
Compiler: /usr/bin/clang 
Build flags: 
Id flags: 

The output was:
0


Compilation of the C compiler identification source "CMakeCCompilerId.c" produced "a.out"

The C compiler identification is Clang, found in "/home/bastian/workspace/dynamical_systems/debug/CMakeFiles/3.5.1/CompilerIdC/a.out"

Compiling the CXX compiler identification source file "CMakeCXXCompilerId.cpp" succeeded.
Compiler: /usr/bin/clang++ 
Build flags: 
Id flags: 

The output was:
0


Compilation of the CXX compiler identification source "CMakeCXXCompilerId.cpp" produced "a.out"

The CXX compiler identification is Clang, found in "/home/bastian/workspace/dynamical_systems/debug/CMakeFiles/3.5.1/CompilerIdCXX/a.out"

Determining if the C compiler works passed with the following output:
Change Dir: /home/bastian/workspace/dynamical_systems/debug/CMakeFiles/CMakeTmp

Run Build Command:"/usr/bin/make" "cmTC_afb5d/fast"
/usr/bin/make -f CMakeFiles/cmTC_afb5d.dir/build.make CMakeFiles/cmTC_afb5d.dir/build
make[1]: Entering directory '/home/bastian/workspace/dynamical_systems/debug/CMakeFiles/CMakeTmp'
Building C object CMakeFiles/cmTC_afb5d.dir/testCCompiler.c.o
/usr/bin/clang     -o CMakeFiles/cmTC_afb5d.dir/testCCompiler.c.o   -c /home/bastian/workspace/dynamical_systems/debug/CMakeFiles/CMakeTmp/testCCompiler.c
Linking C executable cmTC_afb5d
/usr/bin/cmake -E cmake_link_script CMakeFiles/cmTC_afb5d.dir/link.txt --verbose=1
/usr/bin/clang       CMakeFiles/cmTC_afb5d.dir/testCCompiler.c.o  -o cmTC_afb5d -rdynamic 
make[1]: Leaving directory '/home/bastian/workspace/dynamical_systems/debug/CMakeFiles/CMakeTmp'


Detecting C compiler ABI info compiled with the following output:
Change Dir: /home/bastian/workspace/dynamical_systems/debug/CMakeFiles/CMakeTmp

Run Build Command:"/usr/bin/make" "cmTC_d4a7e/fast"
/usr/bin/make -f CMakeFiles/cmTC_d4a7e.dir/build.make CMakeFiles/cmTC_d4a7e.dir/build
make[1]: Entering directory '/home/bastian/workspace/dynamical_systems/debug/CMakeFiles/CMakeTmp'
Building C object CMakeFiles/cmTC_d4a7e.dir/CMakeCCompilerABI.c.o
/usr/bin/clang     -o CMakeFiles/cmTC_d4a7e.dir/CMakeCCompilerABI.c.o   -c /usr/share/cmake-3.5/Modules/CMakeCCompilerABI.c
Linking C executable cmTC_d4a7e
/usr/bin/cmake -E cmake_link_script CMakeFiles/cmTC_d4a7e.dir/link.txt --verbose=1
/usr/bin/clang      -v CMakeFiles/cmTC_d4a7e.dir/CMakeCCompilerABI.c.o  -o cmTC_d4a7e -rdynamic  
clang version 3.8.0-2ubuntu4 (tags/RELEASE_380/final)
Target: x86_64-pc-linux-gnu
Thread model: posix
InstalledDir: /usr/bin
Found candidate GCC installation: /usr/bin/../lib/gcc/x86_64-linux-gnu/5.4.0
Found candidate GCC installation: /usr/bin/../lib/gcc/x86_64-linux-gnu/6.0.0
Found candidate GCC installation: /usr/lib/gcc/x86_64-linux-gnu/5.4.0
Found candidate GCC installation: /usr/lib/gcc/x86_64-linux-gnu/6.0.0
Selected GCC installation: /usr/bin/../lib/gcc/x86_64-linux-gnu/5.4.0
Candidate multilib: .;@m64
Selected multilib: .;@m64
 "/usr/bin/ld" -export-dynamic -z relro --hash-style=gnu --build-id --eh-frame-hdr -m elf_x86_64 -dynamic-linker /lib64/ld-linux-x86-64.so.2 -o cmTC_d4a7e /usr/bin/../lib/gcc/x86_64-linux-gnu/5.4.0/../../../x86_64-linux-gnu/crt1.o /usr/bin/../lib/gcc/x86_64-linux-gnu/5.4.0/../../../x86_64-linux-gnu/crti.o /usr/bin/../lib/gcc/x86_64-linux-gnu/5.4.0/crtbegin.o -L/usr/bin/../lib/gcc/x86_64-linux-gnu/5.4.0 -L/usr/bin/../lib/gcc/x86_64-linux-gnu/5.4.0/../../../x86_64-linux-gnu -L/lib/x86_64-linux-gnu -L/lib/../lib64 -L/usr/lib/x86_64-linux-gnu -L/usr/bin/../lib/gcc/x86_64-linux-gnu/5.4.0/../../.. -L/usr/lib/llvm-3.8/bin/../lib -L/lib -L/usr/lib CMakeFiles/cmTC_d4a7e.dir/CMakeCCompilerABI.c.o -L/opt/intel/compilers_and_libraries_2017.0.098/linux/ipp/lib/intel64 -L/opt/intel/compilers_and_libraries_2017.0.098/linux/compiler/lib/intel64 -L/opt/intel/compilers_and_libraries_2017.0.098/linux/mkl/lib/intel64 -L/opt/intel/compilers_and_libraries_2017.0.098/linux/tbb/lib/intel64/gcc4.7 -L/opt/intel/compilers_and_libraries_2017.0.098/linux/daal/lib/intel64_lin -L/opt/intel/compilers_and_libraries_2017.0.098/linux/ipp/lib/intel64 -L/opt/intel/compilers_and_libraries_2017.0.098/linux/compiler/lib/intel64 -L/opt/intel/compilers_and_libraries_2017.0.098/linux/mkl/lib/intel64 -L/opt/intel/compilers_and_libraries_2017.0.098/linux/tbb/lib/intel64/gcc4.7 -L/opt/intel/compilers_and_libraries_2017.0.098/linux/daal/lib/intel64_lin -L/opt/intel/compilers_and_libraries_2017.0.098/linux/daal/../tbb/lib/intel64_lin/gcc4.4 -lgcc --as-needed -lgcc_s --no-as-needed -lc -lgcc --as-needed -lgcc_s --no-as-needed /usr/bin/../lib/gcc/x86_64-linux-gnu/5.4.0/crtend.o /usr/bin/../lib/gcc/x86_64-linux-gnu/5.4.0/../../../x86_64-linux-gnu/crtn.o
make[1]: Leaving directory '/home/bastian/workspace/dynamical_systems/debug/CMakeFiles/CMakeTmp'


Parsed C implicit link information from above output:
  link line regex: [^( *|.*[/\])(ld|([^/\]+-)?ld|collect2)[^/\]*( |$)]
  ignore line: [Change Dir: /home/bastian/workspace/dynamical_systems/debug/CMakeFiles/CMakeTmp]
  ignore line: []
  ignore line: [Run Build Command:"/usr/bin/make" "cmTC_d4a7e/fast"]
  ignore line: [/usr/bin/make -f CMakeFiles/cmTC_d4a7e.dir/build.make CMakeFiles/cmTC_d4a7e.dir/build]
  ignore line: [make[1]: Entering directory '/home/bastian/workspace/dynamical_systems/debug/CMakeFiles/CMakeTmp']
  ignore line: [Building C object CMakeFiles/cmTC_d4a7e.dir/CMakeCCompilerABI.c.o]
  ignore line: [/usr/bin/clang     -o CMakeFiles/cmTC_d4a7e.dir/CMakeCCompilerABI.c.o   -c /usr/share/cmake-3.5/Modules/CMakeCCompilerABI.c]
  ignore line: [Linking C executable cmTC_d4a7e]
  ignore line: [/usr/bin/cmake -E cmake_link_script CMakeFiles/cmTC_d4a7e.dir/link.txt --verbose=1]
  ignore line: [/usr/bin/clang      -v CMakeFiles/cmTC_d4a7e.dir/CMakeCCompilerABI.c.o  -o cmTC_d4a7e -rdynamic  ]
  ignore line: [clang version 3.8.0-2ubuntu4 (tags/RELEASE_380/final)]
  ignore line: [Target: x86_64-pc-linux-gnu]
  ignore line: [Thread model: posix]
  ignore line: [InstalledDir: /usr/bin]
  ignore line: [Found candidate GCC installation: /usr/bin/../lib/gcc/x86_64-linux-gnu/5.4.0]
  ignore line: [Found candidate GCC installation: /usr/bin/../lib/gcc/x86_64-linux-gnu/6.0.0]
  ignore line: [Found candidate GCC installation: /usr/lib/gcc/x86_64-linux-gnu/5.4.0]
  ignore line: [Found candidate GCC installation: /usr/lib/gcc/x86_64-linux-gnu/6.0.0]
  ignore line: [Selected GCC installation: /usr/bin/../lib/gcc/x86_64-linux-gnu/5.4.0]
  ignore line: [Candidate multilib: .]
  ignore line: [@m64]
  ignore line: [Selected multilib: .]
  ignore line: [@m64]
  link line: [ "/usr/bin/ld" -export-dynamic -z relro --hash-style=gnu --build-id --eh-frame-hdr -m elf_x86_64 -dynamic-linker /lib64/ld-linux-x86-64.so.2 -o cmTC_d4a7e /usr/bin/../lib/gcc/x86_64-linux-gnu/5.4.0/../../../x86_64-linux-gnu/crt1.o /usr/bin/../lib/gcc/x86_64-linux-gnu/5.4.0/../../../x86_64-linux-gnu/crti.o /usr/bin/../lib/gcc/x86_64-linux-gnu/5.4.0/crtbegin.o -L/usr/bin/../lib/gcc/x86_64-linux-gnu/5.4.0 -L/usr/bin/../lib/gcc/x86_64-linux-gnu/5.4.0/../../../x86_64-linux-gnu -L/lib/x86_64-linux-gnu -L/lib/../lib64 -L/usr/lib/x86_64-linux-gnu -L/usr/bin/../lib/gcc/x86_64-linux-gnu/5.4.0/../../.. -L/usr/lib/llvm-3.8/bin/../lib -L/lib -L/usr/lib CMakeFiles/cmTC_d4a7e.dir/CMakeCCompilerABI.c.o -L/opt/intel/compilers_and_libraries_2017.0.098/linux/ipp/lib/intel64 -L/opt/intel/compilers_and_libraries_2017.0.098/linux/compiler/lib/intel64 -L/opt/intel/compilers_and_libraries_2017.0.098/linux/mkl/lib/intel64 -L/opt/intel/compilers_and_libraries_2017.0.098/linux/tbb/lib/intel64/gcc4.7 -L/opt/intel/compilers_and_libraries_2017.0.098/linux/daal/lib/intel64_lin -L/opt/intel/compilers_and_libraries_2017.0.098/linux/ipp/lib/intel64 -L/opt/intel/compilers_and_libraries_2017.0.098/linux/compiler/lib/intel64 -L/opt/intel/compilers_and_libraries_2017.0.098/linux/mkl/lib/intel64 -L/opt/intel/compilers_and_libraries_2017.0.098/linux/tbb/lib/intel64/gcc4.7 -L/opt/intel/compilers_and_libraries_2017.0.098/linux/daal/lib/intel64_lin -L/opt/intel/compilers_and_libraries_2017.0.098/linux/daal/../tbb/lib/intel64_lin/gcc4.4 -lgcc --as-needed -lgcc_s --no-as-needed -lc -lgcc --as-needed -lgcc_s --no-as-needed /usr/bin/../lib/gcc/x86_64-linux-gnu/5.4.0/crtend.o /usr/bin/../lib/gcc/x86_64-linux-gnu/5.4.0/../../../x86_64-linux-gnu/crtn.o]
    arg [/usr/bin/ld] ==> ignore
    arg [-export-dynamic] ==> ignore
    arg [-zrelro] ==> ignore
    arg [--hash-style=gnu] ==> ignore
    arg [--build-id] ==> ignore
    arg [--eh-frame-hdr] ==> ignore
    arg [-m] ==> ignore
    arg [elf_x86_64] ==> ignore
    arg [-dynamic-linker] ==> ignore
    arg [/lib64/ld-linux-x86-64.so.2] ==> ignore
    arg [-o] ==> ignore
    arg [cmTC_d4a7e] ==> ignore
    arg [/usr/bin/../lib/gcc/x86_64-linux-gnu/5.4.0/../../../x86_64-linux-gnu/crt1.o] ==> ignore
    arg [/usr/bin/../lib/gcc/x86_64-linux-gnu/5.4.0/../../../x86_64-linux-gnu/crti.o] ==> ignore
    arg [/usr/bin/../lib/gcc/x86_64-linux-gnu/5.4.0/crtbegin.o] ==> ignore
    arg [-L/usr/bin/../lib/gcc/x86_64-linux-gnu/5.4.0] ==> dir [/usr/bin/../lib/gcc/x86_64-linux-gnu/5.4.0]
    arg [-L/usr/bin/../lib/gcc/x86_64-linux-gnu/5.4.0/../../../x86_64-linux-gnu] ==> dir [/usr/bin/../lib/gcc/x86_64-linux-gnu/5.4.0/../../../x86_64-linux-gnu]
    arg [-L/lib/x86_64-linux-gnu] ==> dir [/lib/x86_64-linux-gnu]
    arg [-L/lib/../lib64] ==> dir [/lib/../lib64]
    arg [-L/usr/lib/x86_64-linux-gnu] ==> dir [/usr/lib/x86_64-linux-gnu]
    arg [-L/usr/bin/../lib/gcc/x86_64-linux-gnu/5.4.0/../../..] ==> dir [/usr/bin/../lib/gcc/x86_64-linux-gnu/5.4.0/../../..]
    arg [-L/usr/lib/llvm-3.8/bin/../lib] ==> dir [/usr/lib/llvm-3.8/bin/../lib]
    arg [-L/lib] ==> dir [/lib]
    arg [-L/usr/lib] ==> dir [/usr/lib]
    arg [CMakeFiles/cmTC_d4a7e.dir/CMakeCCompilerABI.c.o] ==> ignore
    arg [-L/opt/intel/compilers_and_libraries_2017.0.098/linux/ipp/lib/intel64] ==> dir [/opt/intel/compilers_and_libraries_2017.0.098/linux/ipp/lib/intel64]
    arg [-L/opt/intel/compilers_and_libraries_2017.0.098/linux/compiler/lib/intel64] ==> dir [/opt/intel/compilers_and_libraries_2017.0.098/linux/compiler/lib/intel64]
    arg [-L/opt/intel/compilers_and_libraries_2017.0.098/linux/mkl/lib/intel64] ==> dir [/opt/intel/compilers_and_libraries_2017.0.098/linux/mkl/lib/intel64]
    arg [-L/opt/intel/compilers_and_libraries_2017.0.098/linux/tbb/lib/intel64/gcc4.7] ==> dir [/opt/intel/compilers_and_libraries_2017.0.098/linux/tbb/lib/intel64/gcc4.7]
    arg [-L/opt/intel/compilers_and_libraries_2017.0.098/linux/daal/lib/intel64_lin] ==> dir [/opt/intel/compilers_and_libraries_2017.0.098/linux/daal/lib/intel64_lin]
    arg [-L/opt/intel/compilers_and_libraries_2017.0.098/linux/ipp/lib/intel64] ==> dir [/opt/intel/compilers_and_libraries_2017.0.098/linux/ipp/lib/intel64]
    arg [-L/opt/intel/compilers_and_libraries_2017.0.098/linux/compiler/lib/intel64] ==> dir [/opt/intel/compilers_and_libraries_2017.0.098/linux/compiler/lib/intel64]
    arg [-L/opt/intel/compilers_and_libraries_2017.0.098/linux/mkl/lib/intel64] ==> dir [/opt/intel/compilers_and_libraries_2017.0.098/linux/mkl/lib/intel64]
    arg [-L/opt/intel/compilers_and_libraries_2017.0.098/linux/tbb/lib/intel64/gcc4.7] ==> dir [/opt/intel/compilers_and_libraries_2017.0.098/linux/tbb/lib/intel64/gcc4.7]
    arg [-L/opt/intel/compilers_and_libraries_2017.0.098/linux/daal/lib/intel64_lin] ==> dir [/opt/intel/compilers_and_libraries_2017.0.098/linux/daal/lib/intel64_lin]
    arg [-L/opt/intel/compilers_and_libraries_2017.0.098/linux/daal/../tbb/lib/intel64_lin/gcc4.4] ==> dir [/opt/intel/compilers_and_libraries_2017.0.098/linux/daal/../tbb/lib/intel64_lin/gcc4.4]
    arg [-lgcc] ==> lib [gcc]
    arg [--as-needed] ==> ignore
    arg [-lgcc_s] ==> lib [gcc_s]
    arg [--no-as-needed] ==> ignore
    arg [-lc] ==> lib [c]
    arg [-lgcc] ==> lib [gcc]
    arg [--as-needed] ==> ignore
    arg [-lgcc_s] ==> lib [gcc_s]
    arg [--no-as-needed] ==> ignore
    arg [/usr/bin/../lib/gcc/x86_64-linux-gnu/5.4.0/crtend.o] ==> ignore
    arg [/usr/bin/../lib/gcc/x86_64-linux-gnu/5.4.0/../../../x86_64-linux-gnu/crtn.o] ==> ignore
  remove lib [gcc]
  remove lib [gcc_s]
  remove lib [gcc]
  remove lib [gcc_s]
  collapse library dir [/usr/bin/../lib/gcc/x86_64-linux-gnu/5.4.0] ==> [/usr/lib/gcc/x86_64-linux-gnu/5.4.0]
  collapse library dir [/usr/bin/../lib/gcc/x86_64-linux-gnu/5.4.0/../../../x86_64-linux-gnu] ==> [/usr/lib/x86_64-linux-gnu]
  collapse library dir [/lib/x86_64-linux-gnu] ==> [/lib/x86_64-linux-gnu]
  collapse library dir [/lib/../lib64] ==> [/lib64]
  collapse library dir [/usr/lib/x86_64-linux-gnu] ==> [/usr/lib/x86_64-linux-gnu]
  collapse library dir [/usr/bin/../lib/gcc/x86_64-linux-gnu/5.4.0/../../..] ==> [/usr/lib]
  collapse library dir [/usr/lib/llvm-3.8/bin/../lib] ==> [/usr/lib/llvm-3.8/lib]
  collapse library dir [/lib] ==> [/lib]
  collapse library dir [/usr/lib] ==> [/usr/lib]
  collapse library dir [/opt/intel/compilers_and_libraries_2017.0.098/linux/ipp/lib/intel64] ==> [/opt/intel/compilers_and_libraries_2017.0.098/linux/ipp/lib/intel64]
  collapse library dir [/opt/intel/compilers_and_libraries_2017.0.098/linux/compiler/lib/intel64] ==> [/opt/intel/compilers_and_libraries_2017.0.098/linux/compiler/lib/intel64]
  collapse library dir [/opt/intel/compilers_and_libraries_2017.0.098/linux/mkl/lib/intel64] ==> [/opt/intel/compilers_and_libraries_2017.0.098/linux/mkl/lib/intel64]
  collapse library dir [/opt/intel/compilers_and_libraries_2017.0.098/linux/tbb/lib/intel64/gcc4.7] ==> [/opt/intel/compilers_and_libraries_2017.0.098/linux/tbb/lib/intel64/gcc4.7]
  collapse library dir [/opt/intel/compilers_and_libraries_2017.0.098/linux/daal/lib/intel64_lin] ==> [/opt/intel/compilers_and_libraries_2017.0.098/linux/daal/lib/intel64_lin]
  collapse library dir [/opt/intel/compilers_and_libraries_2017.0.098/linux/ipp/lib/intel64] ==> [/opt/intel/compilers_and_libraries_2017.0.098/linux/ipp/lib/intel64]
  collapse library dir [/opt/intel/compilers_and_libraries_2017.0.098/linux/compiler/lib/intel64] ==> [/opt/intel/compilers_and_libraries_2017.0.098/linux/compiler/lib/intel64]
  collapse library dir [/opt/intel/compilers_and_libraries_2017.0.098/linux/mkl/lib/intel64] ==> [/opt/intel/compilers_and_libraries_2017.0.098/linux/mkl/lib/intel64]
  collapse library dir [/opt/intel/compilers_and_libraries_2017.0.098/linux/tbb/lib/intel64/gcc4.7] ==> [/opt/intel/compilers_and_libraries_2017.0.098/linux/tbb/lib/intel64/gcc4.7]
  collapse library dir [/opt/intel/compilers_and_libraries_2017.0.098/linux/daal/lib/intel64_lin] ==> [/opt/intel/compilers_and_libraries_2017.0.098/linux/daal/lib/intel64_lin]
  collapse library dir [/opt/intel/compilers_and_libraries_2017.0.098/linux/daal/../tbb/lib/intel64_lin/gcc4.4] ==> [/opt/intel/compilers_and_libraries_2017.0.098/linux/tbb/lib/intel64_lin/gcc4.4]
  implicit libs: [c]
  implicit dirs: [/usr/lib/gcc/x86_64-linux-gnu/5.4.0;/usr/lib/x86_64-linux-gnu;/lib/x86_64-linux-gnu;/lib64;/usr/lib;/usr/lib/llvm-3.8/lib;/lib;/opt/intel/compilers_and_libraries_2017.0.098/linux/ipp/lib/intel64;/opt/intel/compilers_and_libraries_2017.0.098/linux/compiler/lib/intel64;/opt/intel/compilers_and_libraries_2017.0.098/linux/mkl/lib/intel64;/opt/intel/compilers_and_libraries_2017.0.098/linux/tbb/lib/intel64/gcc4.7;/opt/intel/compilers_and_libraries_2017.0.098/linux/daal/lib/intel64_lin;/opt/intel/compilers_and_libraries_2017.0.098/linux/tbb/lib/intel64_lin/gcc4.4]
  implicit fwks: []




Detecting C [-std=c11] compiler features compiled with the following output:
Change Dir: /home/bastian/workspace/dynamical_systems/debug/CMakeFiles/CMakeTmp

Run Build Command:"/usr/bin/make" "cmTC_82b21/fast"
/usr/bin/make -f CMakeFiles/cmTC_82b21.dir/build.make CMakeFiles/cmTC_82b21.dir/build
make[1]: Entering directory '/home/bastian/workspace/dynamical_systems/debug/CMakeFiles/CMakeTmp'
Building C object CMakeFiles/cmTC_82b21.dir/feature_tests.c.o
/usr/bin/clang    -std=c11 -o CMakeFiles/cmTC_82b21.dir/feature_tests.c.o   -c /home/bastian/workspace/dynamical_systems/debug/CMakeFiles/feature_tests.c
Linking C executable cmTC_82b21
/usr/bin/cmake -E cmake_link_script CMakeFiles/cmTC_82b21.dir/link.txt --verbose=1
/usr/bin/clang       CMakeFiles/cmTC_82b21.dir/feature_tests.c.o  -o cmTC_82b21 -rdynamic 
make[1]: Leaving directory '/home/bastian/workspace/dynamical_systems/debug/CMakeFiles/CMakeTmp'


    Feature record: C_FEATURE:1c_function_prototypes
    Feature record: C_FEATURE:1c_restrict
    Feature record: C_FEATURE:1c_static_assert
    Feature record: C_FEATURE:1c_variadic_macros


Detecting C [-std=c99] compiler features compiled with the following output:
Change Dir: /home/bastian/workspace/dynamical_systems/debug/CMakeFiles/CMakeTmp

Run Build Command:"/usr/bin/make" "cmTC_a6dd9/fast"
/usr/bin/make -f CMakeFiles/cmTC_a6dd9.dir/build.make CMakeFiles/cmTC_a6dd9.dir/build
make[1]: Entering directory '/home/bastian/workspace/dynamical_systems/debug/CMakeFiles/CMakeTmp'
Building C object CMakeFiles/cmTC_a6dd9.dir/feature_tests.c.o
/usr/bin/clang    -std=c99 -o CMakeFiles/cmTC_a6dd9.dir/feature_tests.c.o   -c /home/bastian/workspace/dynamical_systems/debug/CMakeFiles/feature_tests.c
Linking C executable cmTC_a6dd9
/usr/bin/cmake -E cmake_link_script CMakeFiles/cmTC_a6dd9.dir/link.txt --verbose=1
/usr/bin/clang       CMakeFiles/cmTC_a6dd9.dir/feature_tests.c.o  -o cmTC_a6dd9 -rdynamic 
make[1]: Leaving directory '/home/bastian/workspace/dynamical_systems/debug/CMakeFiles/CMakeTmp'


    Feature record: C_FEATURE:1c_function_prototypes
    Feature record: C_FEATURE:1c_restrict
    Feature record: C_FEATURE:0c_static_assert
    Feature record: C_FEATURE:1c_variadic_macros


Detecting C [-std=c90] compiler features compiled with the following output:
Change Dir: /home/bastian/workspace/dynamical_systems/debug/CMakeFiles/CMakeTmp

Run Build Command:"/usr/bin/make" "cmTC_ae745/fast"
/usr/bin/make -f CMakeFiles/cmTC_ae745.dir/build.make CMakeFiles/cmTC_ae745.dir/build
make[1]: Entering directory '/home/bastian/workspace/dynamical_systems/debug/CMakeFiles/CMakeTmp'
Building C object CMakeFiles/cmTC_ae745.dir/feature_tests.c.o
/usr/bin/clang    -std=c90 -o CMakeFiles/cmTC_ae745.dir/feature_tests.c.o   -c /home/bastian/workspace/dynamical_systems/debug/CMakeFiles/feature_tests.c
Linking C executable cmTC_ae745
/usr/bin/cmake -E cmake_link_script CMakeFiles/cmTC_ae745.dir/link.txt --verbose=1
/usr/bin/clang       CMakeFiles/cmTC_ae745.dir/feature_tests.c.o  -o cmTC_ae745 -rdynamic 
make[1]: Leaving directory '/home/bastian/workspace/dynamical_systems/debug/CMakeFiles/CMakeTmp'


    Feature record: C_FEATURE:1c_function_prototypes
    Feature record: C_FEATURE:0c_restrict
    Feature record: C_FEATURE:0c_static_assert
    Feature record: C_FEATURE:0c_variadic_macros
Determining if the CXX compiler works passed with the following output:
Change Dir: /home/bastian/workspace/dynamical_systems/debug/CMakeFiles/CMakeTmp

Run Build Command:"/usr/bin/make" "cmTC_95a6d/fast"
/usr/bin/make -f CMakeFiles/cmTC_95a6d.dir/build.make CMakeFiles/cmTC_95a6d.dir/build
make[1]: Entering directory '/home/bastian/workspace/dynamical_systems/debug/CMakeFiles/CMakeTmp'
Building CXX object CMakeFiles/cmTC_95a6d.dir/testCXXCompiler.cxx.o
/usr/bin/clang++      -o CMakeFiles/cmTC_95a6d.dir/testCXXCompiler.cxx.o -c /home/bastian/workspace/dynamical_systems/debug/CMakeFiles/CMakeTmp/testCXXCompiler.cxx
Linking CXX executable cmTC_95a6d
/usr/bin/cmake -E cmake_link_script CMakeFiles/cmTC_95a6d.dir/link.txt --verbose=1
/usr/bin/clang++        CMakeFiles/cmTC_95a6d.dir/testCXXCompiler.cxx.o  -o cmTC_95a6d -rdynamic 
make[1]: Leaving directory '/home/bastian/workspace/dynamical_systems/debug/CMakeFiles/CMakeTmp'


Detecting CXX compiler ABI info compiled with the following output:
Change Dir: /home/bastian/workspace/dynamical_systems/debug/CMakeFiles/CMakeTmp

Run Build Command:"/usr/bin/make" "cmTC_ab8a7/fast"
/usr/bin/make -f CMakeFiles/cmTC_ab8a7.dir/build.make CMakeFiles/cmTC_ab8a7.dir/build
make[1]: Entering directory '/home/bastian/workspace/dynamical_systems/debug/CMakeFiles/CMakeTmp'
Building CXX object CMakeFiles/cmTC_ab8a7.dir/CMakeCXXCompilerABI.cpp.o
/usr/bin/clang++      -o CMakeFiles/cmTC_ab8a7.dir/CMakeCXXCompilerABI.cpp.o -c /usr/share/cmake-3.5/Modules/CMakeCXXCompilerABI.cpp
Linking CXX executable cmTC_ab8a7
/usr/bin/cmake -E cmake_link_script CMakeFiles/cmTC_ab8a7.dir/link.txt --verbose=1
/usr/bin/clang++       -v CMakeFiles/cmTC_ab8a7.dir/CMakeCXXCompilerABI.cpp.o  -o cmTC_ab8a7 -rdynamic  
clang version 3.8.0-2ubuntu4 (tags/RELEASE_380/final)
Target: x86_64-pc-linux-gnu
Thread model: posix
InstalledDir: /usr/bin
Found candidate GCC installation: /usr/bin/../lib/gcc/x86_64-linux-gnu/5.4.0
Found candidate GCC installation: /usr/bin/../lib/gcc/x86_64-linux-gnu/6.0.0
Found candidate GCC installation: /usr/lib/gcc/x86_64-linux-gnu/5.4.0
Found candidate GCC installation: /usr/lib/gcc/x86_64-linux-gnu/6.0.0
Selected GCC installation: /usr/bin/../lib/gcc/x86_64-linux-gnu/5.4.0
Candidate multilib: .;@m64
Selected multilib: .;@m64
 "/usr/bin/ld" -export-dynamic -z relro --hash-style=gnu --build-id --eh-frame-hdr -m elf_x86_64 -dynamic-linker /lib64/ld-linux-x86-64.so.2 -o cmTC_ab8a7 /usr/bin/../lib/gcc/x86_64-linux-gnu/5.4.0/../../../x86_64-linux-gnu/crt1.o /usr/bin/../lib/gcc/x86_64-linux-gnu/5.4.0/../../../x86_64-linux-gnu/crti.o /usr/bin/../lib/gcc/x86_64-linux-gnu/5.4.0/crtbegin.o -L/usr/bin/../lib/gcc/x86_64-linux-gnu/5.4.0 -L/usr/bin/../lib/gcc/x86_64-linux-gnu/5.4.0/../../../x86_64-linux-gnu -L/lib/x86_64-linux-gnu -L/lib/../lib64 -L/usr/lib/x86_64-linux-gnu -L/usr/bin/../lib/gcc/x86_64-linux-gnu/5.4.0/../../.. -L/usr/lib/llvm-3.8/bin/../lib -L/lib -L/usr/lib CMakeFiles/cmTC_ab8a7.dir/CMakeCXXCompilerABI.cpp.o -L/opt/intel/compilers_and_libraries_2017.0.098/linux/ipp/lib/intel64 -L/opt/intel/compilers_and_libraries_2017.0.098/linux/compiler/lib/intel64 -L/opt/intel/compilers_and_libraries_2017.0.098/linux/mkl/lib/intel64 -L/opt/intel/compilers_and_libraries_2017.0.098/linux/tbb/lib/intel64/gcc4.7 -L/opt/intel/compilers_and_libraries_2017.0.098/linux/daal/lib/intel64_lin -L/opt/intel/compilers_and_libraries_2017.0.098/linux/ipp/lib/intel64 -L/opt/intel/compilers_and_libraries_2017.0.098/linux/compiler/lib/intel64 -L/opt/intel/compilers_and_libraries_2017.0.098/linux/mkl/lib/intel64 -L/opt/intel/compilers_and_libraries_2017.0.098/linux/tbb/lib/intel64/gcc4.7 -L/opt/intel/compilers_and_libraries_2017.0.098/linux/daal/lib/intel64_lin -L/opt/intel/compilers_and_libraries_2017.0.098/linux/daal/../tbb/lib/intel64_lin/gcc4.4 -lstdc++ -lm -lgcc_s -lgcc -lc -lgcc_s -lgcc /usr/bin/../lib/gcc/x86_64-linux-gnu/5.4.0/crtend.o /usr/bin/../lib/gcc/x86_64-linux-gnu/5.4.0/../../../x86_64-linux-gnu/crtn.o
make[1]: Leaving directory '/home/bastian/workspace/dynamical_systems/debug/CMakeFiles/CMakeTmp'


Parsed CXX implicit link information from above output:
  link line regex: [^( *|.*[/\])(ld|([^/\]+-)?ld|collect2)[^/\]*( |$)]
  ignore line: [Change Dir: /home/bastian/workspace/dynamical_systems/debug/CMakeFiles/CMakeTmp]
  ignore line: []
  ignore line: [Run Build Command:"/usr/bin/make" "cmTC_ab8a7/fast"]
  ignore line: [/usr/bin/make -f CMakeFiles/cmTC_ab8a7.dir/build.make CMakeFiles/cmTC_ab8a7.dir/build]
  ignore line: [make[1]: Entering directory '/home/bastian/workspace/dynamical_systems/debug/CMakeFiles/CMakeTmp']
  ignore line: [Building CXX object CMakeFiles/cmTC_ab8a7.dir/CMakeCXXCompilerABI.cpp.o]
  ignore line: [/usr/bin/clang++      -o CMakeFiles/cmTC_ab8a7.dir/CMakeCXXCompilerABI.cpp.o -c /usr/share/cmake-3.5/Modules/CMakeCXXCompilerABI.cpp]
  ignore line: [Linking CXX executable cmTC_ab8a7]
  ignore line: [/usr/bin/cmake -E cmake_link_script CMakeFiles/cmTC_ab8a7.dir/link.txt --verbose=1]
  ignore line: [/usr/bin/clang++       -v CMakeFiles/cmTC_ab8a7.dir/CMakeCXXCompilerABI.cpp.o  -o cmTC_ab8a7 -rdynamic  ]
  ignore line: [clang version 3.8.0-2ubuntu4 (tags/RELEASE_380/final)]
  ignore line: [Target: x86_64-pc-linux-gnu]
  ignore line: [Thread model: posix]
  ignore line: [InstalledDir: /usr/bin]
  ignore line: [Found candidate GCC installation: /usr/bin/../lib/gcc/x86_64-linux-gnu/5.4.0]
  ignore line: [Found candidate GCC installation: /usr/bin/../lib/gcc/x86_64-linux-gnu/6.0.0]
  ignore line: [Found candidate GCC installation: /usr/lib/gcc/x86_64-linux-gnu/5.4.0]
  ignore line: [Found candidate GCC installation: /usr/lib/gcc/x86_64-linux-gnu/6.0.0]
  ignore line: [Selected GCC installation: /usr/bin/../lib/gcc/x86_64-linux-gnu/5.4.0]
  ignore line: [Candidate multilib: .]
  ignore line: [@m64]
  ignore line: [Selected multilib: .]
  ignore line: [@m64]
  link line: [ "/usr/bin/ld" -export-dynamic -z relro --hash-style=gnu --build-id --eh-frame-hdr -m elf_x86_64 -dynamic-linker /lib64/ld-linux-x86-64.so.2 -o cmTC_ab8a7 /usr/bin/../lib/gcc/x86_64-linux-gnu/5.4.0/../../../x86_64-linux-gnu/crt1.o /usr/bin/../lib/gcc/x86_64-linux-gnu/5.4.0/../../../x86_64-linux-gnu/crti.o /usr/bin/../lib/gcc/x86_64-linux-gnu/5.4.0/crtbegin.o -L/usr/bin/../lib/gcc/x86_64-linux-gnu/5.4.0 -L/usr/bin/../lib/gcc/x86_64-linux-gnu/5.4.0/../../../x86_64-linux-gnu -L/lib/x86_64-linux-gnu -L/lib/../lib64 -L/usr/lib/x86_64-linux-gnu -L/usr/bin/../lib/gcc/x86_64-linux-gnu/5.4.0/../../.. -L/usr/lib/llvm-3.8/bin/../lib -L/lib -L/usr/lib CMakeFiles/cmTC_ab8a7.dir/CMakeCXXCompilerABI.cpp.o -L/opt/intel/compilers_and_libraries_2017.0.098/linux/ipp/lib/intel64 -L/opt/intel/compilers_and_libraries_2017.0.098/linux/compiler/lib/intel64 -L/opt/intel/compilers_and_libraries_2017.0.098/linux/mkl/lib/intel64 -L/opt/intel/compilers_and_libraries_2017.0.098/linux/tbb/lib/intel64/gcc4.7 -L/opt/intel/compilers_and_libraries_2017.0.098/linux/daal/lib/intel64_lin -L/opt/intel/compilers_and_libraries_2017.0.098/linux/ipp/lib/intel64 -L/opt/intel/compilers_and_libraries_2017.0.098/linux/compiler/lib/intel64 -L/opt/intel/compilers_and_libraries_2017.0.098/linux/mkl/lib/intel64 -L/opt/intel/compilers_and_libraries_2017.0.098/linux/tbb/lib/intel64/gcc4.7 -L/opt/intel/compilers_and_libraries_2017.0.098/linux/daal/lib/intel64_lin -L/opt/intel/compilers_and_libraries_2017.0.098/linux/daal/../tbb/lib/intel64_lin/gcc4.4 -lstdc++ -lm -lgcc_s -lgcc -lc -lgcc_s -lgcc /usr/bin/../lib/gcc/x86_64-linux-gnu/5.4.0/crtend.o /usr/bin/../lib/gcc/x86_64-linux-gnu/5.4.0/../../../x86_64-linux-gnu/crtn.o]
    arg [/usr/bin/ld] ==> ignore
    arg [-export-dynamic] ==> ignore
    arg [-zrelro] ==> ignore
    arg [--hash-style=gnu] ==> ignore
    arg [--build-id] ==> ignore
    arg [--eh-frame-hdr] ==> ignore
    arg [-m] ==> ignore
    arg [elf_x86_64] ==> ignore
    arg [-dynamic-linker] ==> ignore
    arg [/lib64/ld-linux-x86-64.so.2] ==> ignore
    arg [-o] ==> ignore
    arg [cmTC_ab8a7] ==> ignore
    arg [/usr/bin/../lib/gcc/x86_64-linux-gnu/5.4.0/../../../x86_64-linux-gnu/crt1.o] ==> ignore
    arg [/usr/bin/../lib/gcc/x86_64-linux-gnu/5.4.0/../../../x86_64-linux-gnu/crti.o] ==> ignore
    arg [/usr/bin/../lib/gcc/x86_64-linux-gnu/5.4.0/crtbegin.o] ==> ignore
    arg [-L/usr/bin/../lib/gcc/x86_64-linux-gnu/5.4.0] ==> dir [/usr/bin/../lib/gcc/x86_64-linux-gnu/5.4.0]
    arg [-L/usr/bin/../lib/gcc/x86_64-linux-gnu/5.4.0/../../../x86_64-linux-gnu] ==> dir [/usr/bin/../lib/gcc/x86_64-linux-gnu/5.4.0/../../../x86_64-linux-gnu]
    arg [-L/lib/x86_64-linux-gnu] ==> dir [/lib/x86_64-linux-gnu]
    arg [-L/lib/../lib64] ==> dir [/lib/../lib64]
    arg [-L/usr/lib/x86_64-linux-gnu] ==> dir [/usr/lib/x86_64-linux-gnu]
    arg [-L/usr/bin/../lib/gcc/x86_64-linux-gnu/5.4.0/../../..] ==> dir [/usr/bin/../lib/gcc/x86_64-linux-gnu/5.4.0/../../..]
    arg [-L/usr/lib/llvm-3.8/bin/../lib] ==> dir [/usr/lib/llvm-3.8/bin/../lib]
    arg [-L/lib] ==> dir [/lib]
    arg [-L/usr/lib] ==> dir [/usr/lib]
    arg [CMakeFiles/cmTC_ab8a7.dir/CMakeCXXCompilerABI.cpp.o] ==> ignore
    arg [-L/opt/intel/compilers_and_libraries_2017.0.098/linux/ipp/lib/intel64] ==> dir [/opt/intel/compilers_and_libraries_2017.0.098/linux/ipp/lib/intel64]
    arg [-L/opt/intel/compilers_and_libraries_2017.0.098/linux/compiler/lib/intel64] ==> dir [/opt/intel/compilers_and_libraries_2017.0.098/linux/compiler/lib/intel64]
    arg [-L/opt/intel/compilers_and_libraries_2017.0.098/linux/mkl/lib/intel64] ==> dir [/opt/intel/compilers_and_libraries_2017.0.098/linux/mkl/lib/intel64]
    arg [-L/opt/intel/compilers_and_libraries_2017.0.098/linux/tbb/lib/intel64/gcc4.7] ==> dir [/opt/intel/compilers_and_libraries_2017.0.098/linux/tbb/lib/intel64/gcc4.7]
    arg [-L/opt/intel/compilers_and_libraries_2017.0.098/linux/daal/lib/intel64_lin] ==> dir [/opt/intel/compilers_and_libraries_2017.0.098/linux/daal/lib/intel64_lin]
    arg [-L/opt/intel/compilers_and_libraries_2017.0.098/linux/ipp/lib/intel64] ==> dir [/opt/intel/compilers_and_libraries_2017.0.098/linux/ipp/lib/intel64]
    arg [-L/opt/intel/compilers_and_libraries_2017.0.098/linux/compiler/lib/intel64] ==> dir [/opt/intel/compilers_and_libraries_2017.0.098/linux/compiler/lib/intel64]
    arg [-L/opt/intel/compilers_and_libraries_2017.0.098/linux/mkl/lib/intel64] ==> dir [/opt/intel/compilers_and_libraries_2017.0.098/linux/mkl/lib/intel64]
    arg [-L/opt/intel/compilers_and_libraries_2017.0.098/linux/tbb/lib/intel64/gcc4.7] ==> dir [/opt/intel/compilers_and_libraries_2017.0.098/linux/tbb/lib/intel64/gcc4.7]
    arg [-L/opt/intel/compilers_and_libraries_2017.0.098/linux/daal/lib/intel64_lin] ==> dir [/opt/intel/compilers_and_libraries_2017.0.098/linux/daal/lib/intel64_lin]
    arg [-L/opt/intel/compilers_and_libraries_2017.0.098/linux/daal/../tbb/lib/intel64_lin/gcc4.4] ==> dir [/opt/intel/compilers_and_libraries_2017.0.098/linux/daal/../tbb/lib/intel64_lin/gcc4.4]
    arg [-lstdc++] ==> lib [stdc++]
    arg [-lm] ==> lib [m]
    arg [-lgcc_s] ==> lib [gcc_s]
    arg [-lgcc] ==> lib [gcc]
    arg [-lc] ==> lib [c]
    arg [-lgcc_s] ==> lib [gcc_s]
    arg [-lgcc] ==> lib [gcc]
    arg [/usr/bin/../lib/gcc/x86_64-linux-gnu/5.4.0/crtend.o] ==> ignore
    arg [/usr/bin/../lib/gcc/x86_64-linux-gnu/5.4.0/../../../x86_64-linux-gnu/crtn.o] ==> ignore
  remove lib [gcc_s]
  remove lib [gcc]
  remove lib [gcc_s]
  remove lib [gcc]
  collapse library dir [/usr/bin/../lib/gcc/x86_64-linux-gnu/5.4.0] ==> [/usr/lib/gcc/x86_64-linux-gnu/5.4.0]
  collapse library dir [/usr/bin/../lib/gcc/x86_64-linux-gnu/5.4.0/../../../x86_64-linux-gnu] ==> [/usr/lib/x86_64-linux-gnu]
  collapse library dir [/lib/x86_64-linux-gnu] ==> [/lib/x86_64-linux-gnu]
  collapse library dir [/lib/../lib64] ==> [/lib64]
  collapse library dir [/usr/lib/x86_64-linux-gnu] ==> [/usr/lib/x86_64-linux-gnu]
  collapse library dir [/usr/bin/../lib/gcc/x86_64-linux-gnu/5.4.0/../../..] ==> [/usr/lib]
  collapse library dir [/usr/lib/llvm-3.8/bin/../lib] ==> [/usr/lib/llvm-3.8/lib]
  collapse library dir [/lib] ==> [/lib]
  collapse library dir [/usr/lib] ==> [/usr/lib]
  collapse library dir [/opt/intel/compilers_and_libraries_2017.0.098/linux/ipp/lib/intel64] ==> [/opt/intel/compilers_and_libraries_2017.0.098/linux/ipp/lib/intel64]
  collapse library dir [/opt/intel/compilers_and_libraries_2017.0.098/linux/compiler/lib/intel64] ==> [/opt/intel/compilers_and_libraries_2017.0.098/linux/compiler/lib/intel64]
  collapse library dir [/opt/intel/compilers_and_libraries_2017.0.098/linux/mkl/lib/intel64] ==> [/opt/intel/compilers_and_libraries_2017.0.098/linux/mkl/lib/intel64]
  collapse library dir [/opt/intel/compilers_and_libraries_2017.0.098/linux/tbb/lib/intel64/gcc4.7] ==> [/opt/intel/compilers_and_libraries_2017.0.098/linux/tbb/lib/intel64/gcc4.7]
  collapse library dir [/opt/intel/compilers_and_libraries_2017.0.098/linux/daal/lib/intel64_lin] ==> [/opt/intel/compilers_and_libraries_2017.0.098/linux/daal/lib/intel64_lin]
  collapse library dir [/opt/intel/compilers_and_libraries_2017.0.098/linux/ipp/lib/intel64] ==> [/opt/intel/compilers_and_libraries_2017.0.098/linux/ipp/lib/intel64]
  collapse library dir [/opt/intel/compilers_and_libraries_2017.0.098/linux/compiler/lib/intel64] ==> [/opt/intel/compilers_and_libraries_2017.0.098/linux/compiler/lib/intel64]
  collapse library dir [/opt/intel/compilers_and_libraries_2017.0.098/linux/mkl/lib/intel64] ==> [/opt/intel/compilers_and_libraries_2017.0.098/linux/mkl/lib/intel64]
  collapse library dir [/opt/intel/compilers_and_libraries_2017.0.098/linux/tbb/lib/intel64/gcc4.7] ==> [/opt/intel/compilers_and_libraries_2017.0.098/linux/tbb/lib/intel64/gcc4.7]
  collapse library dir [/opt/intel/compilers_and_libraries_2017.0.098/linux/daal/lib/intel64_lin] ==> [/opt/intel/compilers_and_libraries_2017.0.098/linux/daal/lib/intel64_lin]
  collapse library dir [/opt/intel/compilers_and_libraries_2017.0.098/linux/daal/../tbb/lib/intel64_lin/gcc4.4] ==> [/opt/intel/compilers_and_libraries_2017.0.098/linux/tbb/lib/intel64_lin/gcc4.4]
  implicit libs: [stdc++;m;c]
  implicit dirs: [/usr/lib/gcc/x86_64-linux-gnu/5.4.0;/usr/lib/x86_64-linux-gnu;/lib/x86_64-linux-gnu;/lib64;/usr/lib;/usr/lib/llvm-3.8/lib;/lib;/opt/intel/compilers_and_libraries_2017.0.098/linux/ipp/lib/intel64;/opt/intel/compilers_and_libraries_2017.0.098/linux/compiler/lib/intel64;/opt/intel/compilers_and_libraries_2017.0.098/linux/mkl/lib/intel64;/opt/intel/compilers_and_libraries_2017.0.098/linux/tbb/lib/intel64/gcc4.7;/opt/intel/compilers_and_libraries_2017.0.098/linux/daal/lib/intel64_lin;/opt/intel/compilers_and_libraries_2017.0.098/linux/tbb/lib/intel64_lin/gcc4.4]
  implicit fwks: []




Detecting CXX [-std=c++14] compiler features compiled with the following output:
Change Dir: /home/bastian/workspace/dynamical_systems/debug/CMakeFiles/CMakeTmp

Run Build Command:"/usr/bin/make" "cmTC_a4c8f/fast"
/usr/bin/make -f CMakeFiles/cmTC_a4c8f.dir/build.make CMakeFiles/cmTC_a4c8f.dir/build
make[1]: Entering directory '/home/bastian/workspace/dynamical_systems/debug/CMakeFiles/CMakeTmp'
Building CXX object CMakeFiles/cmTC_a4c8f.dir/feature_tests.cxx.o
/usr/bin/clang++     -std=c++14 -o CMakeFiles/cmTC_a4c8f.dir/feature_tests.cxx.o -c /home/bastian/workspace/dynamical_systems/debug/CMakeFiles/feature_tests.cxx
Linking CXX executable cmTC_a4c8f
/usr/bin/cmake -E cmake_link_script CMakeFiles/cmTC_a4c8f.dir/link.txt --verbose=1
/usr/bin/clang++        CMakeFiles/cmTC_a4c8f.dir/feature_tests.cxx.o  -o cmTC_a4c8f -rdynamic 
make[1]: Leaving directory '/home/bastian/workspace/dynamical_systems/debug/CMakeFiles/CMakeTmp'


    Feature record: CXX_FEATURE:1cxx_aggregate_default_initializers
    Feature record: CXX_FEATURE:1cxx_alias_templates
    Feature record: CXX_FEATURE:1cxx_alignas
    Feature record: CXX_FEATURE:1cxx_alignof
    Feature record: CXX_FEATURE:1cxx_attributes
    Feature record: CXX_FEATURE:1cxx_attribute_deprecated
    Feature record: CXX_FEATURE:1cxx_auto_type
    Feature record: CXX_FEATURE:1cxx_binary_literals
    Feature record: CXX_FEATURE:1cxx_constexpr
    Feature record: CXX_FEATURE:1cxx_contextual_conversions
    Feature record: CXX_FEATURE:1cxx_decltype
    Feature record: CXX_FEATURE:1cxx_decltype_auto
    Feature record: CXX_FEATURE:1cxx_decltype_incomplete_return_types
    Feature record: CXX_FEATURE:1cxx_default_function_template_args
    Feature record: CXX_FEATURE:1cxx_defaulted_functions
    Feature record: CXX_FEATURE:1cxx_defaulted_move_initializers
    Feature record: CXX_FEATURE:1cxx_delegating_constructors
    Feature record: CXX_FEATURE:1cxx_deleted_functions
    Feature record: CXX_FEATURE:1cxx_digit_separators
    Feature record: CXX_FEATURE:1cxx_enum_forward_declarations
    Feature record: CXX_FEATURE:1cxx_explicit_conversions
    Feature record: CXX_FEATURE:1cxx_extended_friend_declarations
    Feature record: CXX_FEATURE:1cxx_extern_templates
    Feature record: CXX_FEATURE:1cxx_final
    Feature record: CXX_FEATURE:1cxx_func_identifier
    Feature record: CXX_FEATURE:1cxx_generalized_initializers
    Feature record: CXX_FEATURE:1cxx_generic_lambdas
    Feature record: CXX_FEATURE:1cxx_inheriting_constructors
    Feature record: CXX_FEATURE:1cxx_inline_namespaces
    Feature record: CXX_FEATURE:1cxx_lambdas
    Feature record: CXX_FEATURE:1cxx_lambda_init_captures
    Feature record: CXX_FEATURE:1cxx_local_type_template_args
    Feature record: CXX_FEATURE:1cxx_long_long_type
    Feature record: CXX_FEATURE:1cxx_noexcept
    Feature record: CXX_FEATURE:1cxx_nonstatic_member_init
    Feature record: CXX_FEATURE:1cxx_nullptr
    Feature record: CXX_FEATURE:1cxx_override
    Feature record: CXX_FEATURE:1cxx_range_for
    Feature record: CXX_FEATURE:1cxx_raw_string_literals
    Feature record: CXX_FEATURE:1cxx_reference_qualified_functions
    Feature record: CXX_FEATURE:1cxx_relaxed_constexpr
    Feature record: CXX_FEATURE:1cxx_return_type_deduction
    Feature record: CXX_FEATURE:1cxx_right_angle_brackets
    Feature record: CXX_FEATURE:1cxx_rvalue_references
    Feature record: CXX_FEATURE:1cxx_sizeof_member
    Feature record: CXX_FEATURE:1cxx_static_assert
    Feature record: CXX_FEATURE:1cxx_strong_enums
    Feature record: CXX_FEATURE:1cxx_template_template_parameters
    Feature record: CXX_FEATURE:1cxx_thread_local
    Feature record: CXX_FEATURE:1cxx_trailing_return_types
    Feature record: CXX_FEATURE:1cxx_unicode_literals
    Feature record: CXX_FEATURE:1cxx_uniform_initialization
    Feature record: CXX_FEATURE:1cxx_unrestricted_unions
    Feature record: CXX_FEATURE:1cxx_user_literals
    Feature record: CXX_FEATURE:1cxx_variable_templates
    Feature record: CXX_FEATURE:1cxx_variadic_macros
    Feature record: CXX_FEATURE:1cxx_variadic_templates


Detecting CXX [-std=c++11] compiler features compiled with the following output:
Change Dir: /home/bastian/workspace/dynamical_systems/debug/CMakeFiles/CMakeTmp

Run Build Command:"/usr/bin/make" "cmTC_14b4b/fast"
/usr/bin/make -f CMakeFiles/cmTC_14b4b.dir/build.make CMakeFiles/cmTC_14b4b.dir/build
make[1]: Entering directory '/home/bastian/workspace/dynamical_systems/debug/CMakeFiles/CMakeTmp'
Building CXX object CMakeFiles/cmTC_14b4b.dir/feature_tests.cxx.o
/usr/bin/clang++     -std=c++11 -o CMakeFiles/cmTC_14b4b.dir/feature_tests.cxx.o -c /home/bastian/workspace/dynamical_systems/debug/CMakeFiles/feature_tests.cxx
Linking CXX executable cmTC_14b4b
/usr/bin/cmake -E cmake_link_script CMakeFiles/cmTC_14b4b.dir/link.txt --verbose=1
/usr/bin/clang++        CMakeFiles/cmTC_14b4b.dir/feature_tests.cxx.o  -o cmTC_14b4b -rdynamic 
make[1]: Leaving directory '/home/bastian/workspace/dynamical_systems/debug/CMakeFiles/CMakeTmp'


    Feature record: CXX_FEATURE:0cxx_aggregate_default_initializers
    Feature record: CXX_FEATURE:1cxx_alias_templates
    Feature record: CXX_FEATURE:1cxx_alignas
    Feature record: CXX_FEATURE:1cxx_alignof
    Feature record: CXX_FEATURE:1cxx_attributes
    Feature record: CXX_FEATURE:0cxx_attribute_deprecated
    Feature record: CXX_FEATURE:1cxx_auto_type
    Feature record: CXX_FEATURE:0cxx_binary_literals
    Feature record: CXX_FEATURE:1cxx_constexpr
    Feature record: CXX_FEATURE:0cxx_contextual_conversions
    Feature record: CXX_FEATURE:1cxx_decltype
    Feature record: CXX_FEATURE:0cxx_decltype_auto
    Feature record: CXX_FEATURE:1cxx_decltype_incomplete_return_types
    Feature record: CXX_FEATURE:1cxx_default_function_template_args
    Feature record: CXX_FEATURE:1cxx_defaulted_functions
    Feature record: CXX_FEATURE:1cxx_defaulted_move_initializers
    Feature record: CXX_FEATURE:1cxx_delegating_constructors
    Feature record: CXX_FEATURE:1cxx_deleted_functions
    Feature record: CXX_FEATURE:0cxx_digit_separators
    Feature record: CXX_FEATURE:1cxx_enum_forward_declarations
    Feature record: CXX_FEATURE:1cxx_explicit_conversions
    Feature record: CXX_FEATURE:1cxx_extended_friend_declarations
    Feature record: CXX_FEATURE:1cxx_extern_templates
    Feature record: CXX_FEATURE:1cxx_final
    Feature record: CXX_FEATURE:1cxx_func_identifier
    Feature record: CXX_FEATURE:1cxx_generalized_initializers
    Feature record: CXX_FEATURE:0cxx_generic_lambdas
    Feature record: CXX_FEATURE:1cxx_inheriting_constructors
    Feature record: CXX_FEATURE:1cxx_inline_namespaces
    Feature record: CXX_FEATURE:1cxx_lambdas
    Feature record: CXX_FEATURE:0cxx_lambda_init_captures
    Feature record: CXX_FEATURE:1cxx_local_type_template_args
    Feature record: CXX_FEATURE:1cxx_long_long_type
    Feature record: CXX_FEATURE:1cxx_noexcept
    Feature record: CXX_FEATURE:1cxx_nonstatic_member_init
    Feature record: CXX_FEATURE:1cxx_nullptr
    Feature record: CXX_FEATURE:1cxx_override
    Feature record: CXX_FEATURE:1cxx_range_for
    Feature record: CXX_FEATURE:1cxx_raw_string_literals
    Feature record: CXX_FEATURE:1cxx_reference_qualified_functions
    Feature record: CXX_FEATURE:0cxx_relaxed_constexpr
    Feature record: CXX_FEATURE:0cxx_return_type_deduction
    Feature record: CXX_FEATURE:1cxx_right_angle_brackets
    Feature record: CXX_FEATURE:1cxx_rvalue_references
    Feature record: CXX_FEATURE:1cxx_sizeof_member
    Feature record: CXX_FEATURE:1cxx_static_assert
    Feature record: CXX_FEATURE:1cxx_strong_enums
    Feature record: CXX_FEATURE:1cxx_template_template_parameters
    Feature record: CXX_FEATURE:1cxx_thread_local
    Feature record: CXX_FEATURE:1cxx_trailing_return_types
    Feature record: CXX_FEATURE:1cxx_unicode_literals
    Feature record: CXX_FEATURE:1cxx_uniform_initialization
    Feature record: CXX_FEATURE:1cxx_unrestricted_unions
    Feature record: CXX_FEATURE:1cxx_user_literals
    Feature record: CXX_FEATURE:0cxx_variable_templates
    Feature record: CXX_FEATURE:1cxx_variadic_macros
    Feature record: CXX_FEATURE:1cxx_variadic_templates


Detecting CXX [-std=c++98] compiler features compiled with the following output:
Change Dir: /home/bastian/workspace/dynamical_systems/debug/CMakeFiles/CMakeTmp

Run Build Command:"/usr/bin/make" "cmTC_45555/fast"
/usr/bin/make -f CMakeFiles/cmTC_45555.dir/build.make CMakeFiles/cmTC_45555.dir/build
make[1]: Entering directory '/home/bastian/workspace/dynamical_systems/debug/CMakeFiles/CMakeTmp'
Building CXX object CMakeFiles/cmTC_45555.dir/feature_tests.cxx.o
/usr/bin/clang++     -std=c++98 -o CMakeFiles/cmTC_45555.dir/feature_tests.cxx.o -c /home/bastian/workspace/dynamical_systems/debug/CMakeFiles/feature_tests.cxx
Linking CXX executable cmTC_45555
/usr/bin/cmake -E cmake_link_script CMakeFiles/cmTC_45555.dir/link.txt --verbose=1
/usr/bin/clang++        CMakeFiles/cmTC_45555.dir/feature_tests.cxx.o  -o cmTC_45555 -rdynamic 
make[1]: Leaving directory '/home/bastian/workspace/dynamical_systems/debug/CMakeFiles/CMakeTmp'


    Feature record: CXX_FEATURE:0cxx_aggregate_default_initializers
    Feature record: CXX_FEATURE:0cxx_alias_templates
    Feature record: CXX_FEATURE:0cxx_alignas
    Feature record: CXX_FEATURE:0cxx_alignof
    Feature record: CXX_FEATURE:0cxx_attributes
    Feature record: CXX_FEATURE:0cxx_attribute_deprecated
    Feature record: CXX_FEATURE:0cxx_auto_type
    Feature record: CXX_FEATURE:0cxx_binary_literals
    Feature record: CXX_FEATURE:0cxx_constexpr
    Feature record: CXX_FEATURE:0cxx_contextual_conversions
    Feature record: CXX_FEATURE:0cxx_decltype
    Feature record: CXX_FEATURE:0cxx_decltype_auto
    Feature record: CXX_FEATURE:0cxx_decltype_incomplete_return_types
    Feature record: CXX_FEATURE:0cxx_default_function_template_args
    Feature record: CXX_FEATURE:0cxx_defaulted_functions
    Feature record: CXX_FEATURE:0cxx_defaulted_move_initializers
    Feature record: CXX_FEATURE:0cxx_delegating_constructors
    Feature record: CXX_FEATURE:0cxx_deleted_functions
    Feature record: CXX_FEATURE:0cxx_digit_separators
    Feature record: CXX_FEATURE:0cxx_enum_forward_declarations
    Feature record: CXX_FEATURE:0cxx_explicit_conversions
    Feature record: CXX_FEATURE:0cxx_extended_friend_declarations
    Feature record: CXX_FEATURE:0cxx_extern_templates
    Feature record: CXX_FEATURE:0cxx_final
    Feature record: CXX_FEATURE:0cxx_func_identifier
    Feature record: CXX_FEATURE:0cxx_generalized_initializers
    Feature record: CXX_FEATURE:0cxx_generic_lambdas
    Feature record: CXX_FEATURE:0cxx_inheriting_constructors
    Feature record: CXX_FEATURE:0cxx_inline_namespaces
    Feature record: CXX_FEATURE:0cxx_lambdas
    Feature record: CXX_FEATURE:0cxx_lambda_init_captures
    Feature record: CXX_FEATURE:0cxx_local_type_template_args
    Feature record: CXX_FEATURE:0cxx_long_long_type
    Feature record: CXX_FEATURE:0cxx_noexcept
    Feature record: CXX_FEATURE:0cxx_nonstatic_member_init
    Feature record: CXX_FEATURE:0cxx_nullptr
    Feature record: CXX_FEATURE:0cxx_override
    Feature record: CXX_FEATURE:0cxx_range_for
    Feature record: CXX_FEATURE:0cxx_raw_string_literals
    Feature record: CXX_FEATURE:0cxx_reference_qualified_functions
    Feature record: CXX_FEATURE:0cxx_relaxed_constexpr
    Feature record: CXX_FEATURE:0cxx_return_type_deduction
    Feature record: CXX_FEATURE:0cxx_right_angle_brackets
    Feature record: CXX_FEATURE:0cxx_rvalue_references
    Feature record: CXX_FEATURE:0cxx_sizeof_member
    Feature record: CXX_FEATURE:0cxx_static_assert
    Feature record: CXX_FEATURE:0cxx_strong_enums
    Feature record: CXX_FEATURE:1cxx_template_template_parameters
    Feature record: CXX_FEATURE:0cxx_thread_local
    Feature record: CXX_FEATURE:0cxx_trailing_return_types
    Feature record: CXX_FEATURE:0cxx_unicode_literals
    Feature record: CXX_FEATURE:0cxx_uniform_initialization
    Feature record: CXX_FEATURE:0cxx_unrestricted_unions
    Feature record: CXX_FEATURE:0cxx_user_literals
    Feature record: CXX_FEATURE:0cxx_variable_templates
    Feature record: CXX_FEATURE:0cxx_variadic_macros
    Feature record: CXX_FEATURE:0cxx_variadic_templates
Determining if the include file pthread.h exists passed with the following output:
Change Dir: /home/bastian/workspace/dynamical_systems/debug/CMakeFiles/CMakeTmp

Run Build Command:"/usr/bin/make" "cmTC_69396/fast"
/usr/bin/make -f CMakeFiles/cmTC_69396.dir/build.make CMakeFiles/cmTC_69396.dir/build
make[1]: Entering directory '/home/bastian/workspace/dynamical_systems/debug/CMakeFiles/CMakeTmp'
Building C object CMakeFiles/cmTC_69396.dir/CheckIncludeFile.c.o
/usr/bin/clang     -o CMakeFiles/cmTC_69396.dir/CheckIncludeFile.c.o   -c /home/bastian/workspace/dynamical_systems/debug/CMakeFiles/CMakeTmp/CheckIncludeFile.c
Linking C executable cmTC_69396
/usr/bin/cmake -E cmake_link_script CMakeFiles/cmTC_69396.dir/link.txt --verbose=1
/usr/bin/clang       CMakeFiles/cmTC_69396.dir/CheckIncludeFile.c.o  -o cmTC_69396 -rdynamic 
make[1]: Leaving directory '/home/bastian/workspace/dynamical_systems/debug/CMakeFiles/CMakeTmp'


Determining if the function pthread_create exists in the pthread passed with the following output:
Change Dir: /home/bastian/workspace/dynamical_systems/debug/CMakeFiles/CMakeTmp

Run Build Command:"/usr/bin/make" "cmTC_e146c/fast"
/usr/bin/make -f CMakeFiles/cmTC_e146c.dir/build.make CMakeFiles/cmTC_e146c.dir/build
make[1]: Entering directory '/home/bastian/workspace/dynamical_systems/debug/CMakeFiles/CMakeTmp'
Building C object CMakeFiles/cmTC_e146c.dir/CheckFunctionExists.c.o
/usr/bin/clang    -DCHECK_FUNCTION_EXISTS=pthread_create   -o CMakeFiles/cmTC_e146c.dir/CheckFunctionExists.c.o   -c /usr/share/cmake-3.5/Modules/CheckFunctionExists.c
Linking C executable cmTC_e146c
/usr/bin/cmake -E cmake_link_script CMakeFiles/cmTC_e146c.dir/link.txt --verbose=1
/usr/bin/clang   -DCHECK_FUNCTION_EXISTS=pthread_create    CMakeFiles/cmTC_e146c.dir/CheckFunctionExists.c.o  -o cmTC_e146c -rdynamic -lpthread 
make[1]: Leaving directory '/home/bastian/workspace/dynamical_systems/debug/CMakeFiles/CMakeTmp'


