Determining if the pthread_create exist failed with the following output:
Change Dir: /home/bastian/workspace/dynamical_systems/debug/CMakeFiles/CMakeTmp

Run Build Command:"/usr/bin/make" "cmTC_97d2d/fast"
/usr/bin/make -f CMakeFiles/cmTC_97d2d.dir/build.make CMakeFiles/cmTC_97d2d.dir/build
make[1]: Entering directory '/home/bastian/workspace/dynamical_systems/debug/CMakeFiles/CMakeTmp'
Building C object CMakeFiles/cmTC_97d2d.dir/CheckSymbolExists.c.o
/usr/bin/clang     -o CMakeFiles/cmTC_97d2d.dir/CheckSymbolExists.c.o   -c /home/bastian/workspace/dynamical_systems/debug/CMakeFiles/CMakeTmp/CheckSymbolExists.c
Linking C executable cmTC_97d2d
/usr/bin/cmake -E cmake_link_script CMakeFiles/cmTC_97d2d.dir/link.txt --verbose=1
/usr/bin/clang       CMakeFiles/cmTC_97d2d.dir/CheckSymbolExists.c.o  -o cmTC_97d2d -rdynamic 
CMakeFiles/cmTC_97d2d.dir/CheckSymbolExists.c.o: In function `main':
/home/bastian/workspace/dynamical_systems/debug/CMakeFiles/CMakeTmp/CheckSymbolExists.c:(.text+0x19): undefined reference to `pthread_create'
clang: error: linker command failed with exit code 1 (use -v to see invocation)
CMakeFiles/cmTC_97d2d.dir/build.make:97: recipe for target 'cmTC_97d2d' failed
make[1]: *** [cmTC_97d2d] Error 1
make[1]: Leaving directory '/home/bastian/workspace/dynamical_systems/debug/CMakeFiles/CMakeTmp'
Makefile:126: recipe for target 'cmTC_97d2d/fast' failed
make: *** [cmTC_97d2d/fast] Error 2

File /home/bastian/workspace/dynamical_systems/debug/CMakeFiles/CMakeTmp/CheckSymbolExists.c:
/* */
#include <pthread.h>

int main(int argc, char** argv)
{
  (void)argv;
#ifndef pthread_create
  return ((int*)(&pthread_create))[argc];
#else
  (void)argc;
  return 0;
#endif
}

Determining if the function pthread_create exists in the pthreads failed with the following output:
Change Dir: /home/bastian/workspace/dynamical_systems/debug/CMakeFiles/CMakeTmp

Run Build Command:"/usr/bin/make" "cmTC_fc97f/fast"
/usr/bin/make -f CMakeFiles/cmTC_fc97f.dir/build.make CMakeFiles/cmTC_fc97f.dir/build
make[1]: Entering directory '/home/bastian/workspace/dynamical_systems/debug/CMakeFiles/CMakeTmp'
Building C object CMakeFiles/cmTC_fc97f.dir/CheckFunctionExists.c.o
/usr/bin/clang    -DCHECK_FUNCTION_EXISTS=pthread_create   -o CMakeFiles/cmTC_fc97f.dir/CheckFunctionExists.c.o   -c /usr/share/cmake-3.5/Modules/CheckFunctionExists.c
Linking C executable cmTC_fc97f
/usr/bin/cmake -E cmake_link_script CMakeFiles/cmTC_fc97f.dir/link.txt --verbose=1
/usr/bin/clang   -DCHECK_FUNCTION_EXISTS=pthread_create    CMakeFiles/cmTC_fc97f.dir/CheckFunctionExists.c.o  -o cmTC_fc97f -rdynamic -lpthreads 
/usr/bin/ld: cannot find -lpthreads
clang: error: linker command failed with exit code 1 (use -v to see invocation)
CMakeFiles/cmTC_fc97f.dir/build.make:97: recipe for target 'cmTC_fc97f' failed
make[1]: *** [cmTC_fc97f] Error 1
make[1]: Leaving directory '/home/bastian/workspace/dynamical_systems/debug/CMakeFiles/CMakeTmp'
Makefile:126: recipe for target 'cmTC_fc97f/fast' failed
make: *** [cmTC_fc97f/fast] Error 2


